<?xml version="1.0" encoding="UTF-8" ?>
<testsuite tests="1" failures="1" name="com.qait.demo.tests.LoginTest" time="6.172" errors="0" skipped="0">
  <properties>
    <property name="java.runtime.name" value="Java(TM) SE Runtime Environment"/>
    <property name="sun.boot.library.path" value="/home/qainfotech/Downloads/java8/jdk1.8.0_66/jre/lib/amd64"/>
    <property name="java.vm.version" value="25.66-b17"/>
    <property name="java.vm.vendor" value="Oracle Corporation"/>
    <property name="java.vendor.url" value="http://java.oracle.com/"/>
    <property name="path.separator" value=":"/>
    <property name="guice.disable.misplaced.annotation.check" value="true"/>
    <property name="java.vm.name" value="Java HotSpot(TM) 64-Bit Server VM"/>
    <property name="file.encoding.pkg" value="sun.io"/>
    <property name="user.country" value="IN"/>
    <property name="sun.java.launcher" value="SUN_STANDARD"/>
    <property name="sun.os.patch.level" value="unknown"/>
    <property name="test" value="LoginTest.java"/>
    <property name="java.vm.specification.name" value="Java Virtual Machine Specification"/>
    <property name="user.dir" value="/home/qainfotech/automation_project/GIT_REPO/v8_Java"/>
    <property name="java.runtime.version" value="1.8.0_66-b17"/>
    <property name="java.awt.graphicsenv" value="sun.awt.X11GraphicsEnvironment"/>
    <property name="java.endorsed.dirs" value="/home/qainfotech/Downloads/java8/jdk1.8.0_66/jre/lib/endorsed"/>
    <property name="os.arch" value="amd64"/>
    <property name="java.io.tmpdir" value="/tmp"/>
    <property name="line.separator" value="
"/>
    <property name="java.vm.specification.vendor" value="Oracle Corporation"/>
    <property name="os.name" value="Linux"/>
    <property name="classworlds.conf" value="/home/qainfotech/svn_workspace/bizlease/Server_MathPlayNAssess/.metadata/.plugins/org.eclipse.m2e.launching/launches/m2conf738005807250857493.tmp"/>
    <property name="sun.jnu.encoding" value="UTF-8"/>
    <property name="java.library.path" value="$LD_LIBRARY_PATH:/home/qainfotech/opencv-3.0.0/build/lib:/usr/java/packages/lib/amd64:/usr/lib64:/lib64:/lib:/usr/lib"/>
    <property name="java.specification.name" value="Java Platform API Specification"/>
    <property name="java.class.version" value="52.0"/>
    <property name="sun.management.compiler" value="HotSpot 64-Bit Tiered Compilers"/>
    <property name="os.version" value="3.13.0-76-generic"/>
    <property name="user.home" value="/home/qainfotech"/>
    <property name="user.timezone" value="Asia/Kolkata"/>
    <property name="java.awt.printerjob" value="sun.print.PSPrinterJob"/>
    <property name="file.encoding" value="UTF-8"/>
    <property name="java.specification.version" value="1.8"/>
    <property name="user.name" value="qainfotech"/>
    <property name="java.class.path" value="/home/qainfotech/Desktop/software1/eclipseLuna/plugins/org.eclipse.m2e.maven.runtime_1.5.1.20150109-1819/jars/plexus-classworlds-2.5.1.jar"/>
    <property name="org.slf4j.simpleLogger.defaultLogLevel" value="info"/>
    <property name="java.vm.specification.version" value="1.8"/>
    <property name="sun.arch.data.model" value="64"/>
    <property name="java.home" value="/home/qainfotech/Downloads/java8/jdk1.8.0_66/jre"/>
    <property name="sun.java.command" value="org.codehaus.plexus.classworlds.launcher.Launcher -B clean test -Dtest=LoginTest.java"/>
    <property name="java.specification.vendor" value="Oracle Corporation"/>
    <property name="user.language" value="en"/>
    <property name="awt.toolkit" value="sun.awt.X11.XToolkit"/>
    <property name="java.vm.info" value="mixed mode"/>
    <property name="java.version" value="1.8.0_66"/>
    <property name="java.ext.dirs" value="/home/qainfotech/Downloads/java8/jdk1.8.0_66/jre/lib/ext:/usr/java/packages/lib/ext"/>
    <property name="securerandom.source" value="file:/dev/./urandom"/>
    <property name="sun.boot.class.path" value="/home/qainfotech/Downloads/java8/jdk1.8.0_66/jre/lib/resources.jar:/home/qainfotech/Downloads/java8/jdk1.8.0_66/jre/lib/rt.jar:/home/qainfotech/Downloads/java8/jdk1.8.0_66/jre/lib/sunrsasign.jar:/home/qainfotech/Downloads/java8/jdk1.8.0_66/jre/lib/jsse.jar:/home/qainfotech/Downloads/java8/jdk1.8.0_66/jre/lib/jce.jar:/home/qainfotech/Downloads/java8/jdk1.8.0_66/jre/lib/charsets.jar:/home/qainfotech/Downloads/java8/jdk1.8.0_66/jre/lib/jfr.jar:/home/qainfotech/Downloads/java8/jdk1.8.0_66/jre/classes"/>
    <property name="java.vendor" value="Oracle Corporation"/>
    <property name="maven.home" value="/home/qainfotech/automation_project/GIT_REPO/v8_Java/EMBEDDED"/>
    <property name="file.separator" value="/"/>
    <property name="java.vendor.url.bug" value="http://bugreport.sun.com/bugreport/"/>
    <property name="sun.cpu.endian" value="little"/>
    <property name="sun.io.unicode.encoding" value="UnicodeLittle"/>
    <property name="sun.desktop" value="gnome"/>
    <property name="sun.cpu.isalist" value=""/>
  </properties>
  <testcase classname="com.qait.demo.tests.LoginTest" name="Step01_loginTest" time="0.006">
    <failure type="java.lang.NullPointerException">java.lang.NullPointerException
	at com.qait.automation.utils.YamlReader.getMapValue(YamlReader.java:92)
	at com.qait.automation.utils.YamlReader.getValue(YamlReader.java:86)
	at com.qait.automation.utils.YamlReader.getYamlValue(YamlReader.java:50)
	at com.qait.demo.tests.LoginTest.Step01_loginTest(LoginTest.java:43)
</failure>
    <system-out>yaml file path ::src/test/resources/testdata/STG_TestData.yml

The application url is :- http://www.bing.com/
The test browser is :- firefox

 
***** STARTING TEST STEP:- STEP01_LOGINTEST *****
 
</system-out>
  </testcase>
</testsuite>